<?xml version="1.0" encoding="UTF-8"?>
<!-- Generated by org.testng.reporters.JUnitXMLReporter -->
<testsuite hostname="LAPTOP-UHUCNIH4" ignored="0" name="Test" tests="4" failures="0" timestamp="2019-12-02T00:33:26 IST" time="0.062" errors="0">
  <testcase name="browserAutomation" time="0.008" classname="qaclickacademy.SeleniumTest"/>
  <testcase name="elementUi" time="0.0" classname="qaclickacademy.SeleniumTest"/>
  <testcase name="deleteTwitter" time="0.0" classname="qaclickacademy.RESTAPITest"/>
  <testcase name="postJira" time="0.001" classname="qaclickacademy.RESTAPITest"/>
</testsuite> <!-- Test -->
