<?xml version="1.0" encoding="UTF-8"?>
<testng-results skipped="0" failed="0" ignored="0" total="4" passed="4">
  <reporter-output>
  </reporter-output>
  <suite name="Suite" duration-ms="62" started-at="2019-12-02T00:33:26 IST" finished-at="2019-12-02T00:33:26 IST">
    <groups>
    </groups>
    <test name="Test" duration-ms="62" started-at="2019-12-02T00:33:26 IST" finished-at="2019-12-02T00:33:26 IST">
      <class name="qaclickacademy.RESTAPITest">
        <test-method status="PASS" signature="deleteTwitter()[pri:0, instance:qaclickacademy.RESTAPITest@5702b3b1]" name="deleteTwitter" duration-ms="0" started-at="2019-12-02T00:33:26 IST" finished-at="2019-12-02T00:33:26 IST">
          <reporter-output>
          </reporter-output>
        </test-method> <!-- deleteTwitter -->
        <test-method status="PASS" signature="postJira()[pri:0, instance:qaclickacademy.RESTAPITest@5702b3b1]" name="postJira" duration-ms="1" started-at="2019-12-02T00:33:26 IST" finished-at="2019-12-02T00:33:26 IST">
          <reporter-output>
          </reporter-output>
        </test-method> <!-- postJira -->
      </class> <!-- qaclickacademy.RESTAPITest -->
      <class name="qaclickacademy.SeleniumTest">
        <test-method status="PASS" signature="browserAutomation()[pri:0, instance:qaclickacademy.SeleniumTest@25bbe1b6]" name="browserAutomation" duration-ms="8" started-at="2019-12-02T00:33:26 IST" finished-at="2019-12-02T00:33:26 IST">
          <reporter-output>
          </reporter-output>
        </test-method> <!-- browserAutomation -->
        <test-method status="PASS" signature="elementUi()[pri:0, instance:qaclickacademy.SeleniumTest@25bbe1b6]" name="elementUi" duration-ms="0" started-at="2019-12-02T00:33:26 IST" finished-at="2019-12-02T00:33:26 IST">
          <reporter-output>
          </reporter-output>
        </test-method> <!-- elementUi -->
      </class> <!-- qaclickacademy.SeleniumTest -->
    </test> <!-- Test -->
  </suite> <!-- Suite -->
</testng-results>
